<?xml version="1.0" encoding="UTF-8"?>
<!-- Generated by org.testng.reporters.JUnitReportReporter -->
<testsuite hostname="IN-IT7687" failures="0" tests="3" name="base.LaunchPageTest" time="10.184" errors="0" timestamp="2023-02-12T07:37:05 IST" skipped="0">
  <testcase classname="base.LaunchPageTest" name="Verify_LoginData_With_Standard_User" time="1.869"/>
  <system-out/>
  <testcase classname="base.LaunchPageTest" name="Verify_LoginData_With_Locked_Out_User" time="1.962"/>
  <system-out/>
  <testcase classname="base.LaunchPageTest" name="Verify_LoginData_With_Empty_Username" time="6.353"/>
  <system-out/>
</testsuite> <!-- base.LaunchPageTest -->
